Drill report for /home/david/src/opq/box/Schematics/v3/opqbox3.kicad_pcb
Created on Wed 16 May 2018 01:08:52 PM HST

Copper Layer Stackup:
    =============================================================
    L1 :  F.Cu                      front
    L2 :  Ground_Plane              inner1
    L3 :  Power                     inner2
    L4 :  B.Cu                      back


Drill file 'opqbox3.drl' contains
    plated through holes:
    =============================================================
    T1  0.40mm  0.016"  (53 holes)
    T2  0.60mm  0.024"  (10 holes)
    T3  0.76mm  0.030"  (4 holes)
    T4  0.80mm  0.031"  (6 holes)
    T5  1.00mm  0.039"  (52 holes)
    T6  1.10mm  0.043"  (4 holes)

    Total plated holes count 129


Drill file 'opqbox3-NPTH.drl' contains
    unplated through holes:
    =============================================================

    Total unplated holes count 0
